<?xml version="1.0" encoding="UTF-8"?>
<!-- Generated by org.testng.reporters.JUnitXMLReporter -->
<testsuite hostname="DESKTOP-UG2OBST" ignored="0" name="Edge_Test" tests="1" failures="0" timestamp="2021-01-31T12:10:44 EST" time="0.011" errors="0">
  <testcase name="@BeforeClass openApp" time="0.004" classname="com.webappsecurity.zero.TestScriptsMultiBrowser.BaseMultiBrowser">
    <failure type="java.lang.IllegalStateException" message="The path to the driver executable must be set by the webdriver.edge.driver system property; for more information, see https://github.com/SeleniumHQ/selenium/wiki/MicrosoftWebDriver. The latest version can be downloaded from http://go.microsoft.com/fwlink/?LinkId=619687">
      <![CDATA[java.lang.IllegalStateException: The path to the driver executable must be set by the webdriver.edge.driver system property; for more information, see https://github.com/SeleniumHQ/selenium/wiki/MicrosoftWebDriver. The latest version can be downloaded from http://go.microsoft.com/fwlink/?LinkId=619687
at com.google.common.base.Preconditions.checkState(Preconditions.java:847)
at org.openqa.selenium.remote.service.DriverService.findExecutable(DriverService.java:134)
at org.openqa.selenium.edge.EdgeDriverService.access$000(EdgeDriverService.java:37)
at org.openqa.selenium.edge.EdgeDriverService$Builder.findDefaultExecutable(EdgeDriverService.java:90)
at org.openqa.selenium.remote.service.DriverService$Builder.build(DriverService.java:355)
at org.openqa.selenium.edge.EdgeDriverService.createDefaultService(EdgeDriverService.java:70)
at org.openqa.selenium.edge.EdgeDriver.<init>(EdgeDriver.java:96)
at com.webappsecurity.zero.TestScriptsMultiBrowser.BaseMultiBrowser.openApp(BaseMultiBrowser.java:42)
at java.util.ArrayList.forEach(Unknown Source)
... Removed 25 stack frames]]>
    </failure>
  </testcase> <!-- @BeforeClass openApp -->
  <testcase name="@AfterClass closeapp" time="-1.612113044867E9" classname="com.webappsecurity.zero.TestScriptsMultiBrowser.BaseMultiBrowser">
    <skipped/>
  </testcase> <!-- @AfterClass closeapp -->
  <testcase name="verifyFundTransfer" time="0.0" classname="com.webappsecurity.zero.TestScriptsMultiBrowser.VerifyFundsTrsfrMultiBrowser">
    <skipped/>
  </testcase> <!-- verifyFundTransfer -->
</testsuite> <!-- Edge_Test -->
